Arguments: 
  C:\Program Files\nodejs\node.exe C:\Users\alina\AppData\Roaming\npm\node_modules\yarn\bin\yarn.js add wbm

PATH: 
  C:\Program Files\PowerShell\7;C:\Program Files (x86)\VMware\VMware Player\bin\;C:\Program Files\Common Files\Oracle\Java\javapath;C:\Windows\system32;C:\Windows;C:\Windows\System32\Wbem;C:\Windows\System32\WindowsPowerShell\v1.0\;C:\Windows\System32\OpenSSH\;C:\Program Files\nodejs\;C:\Program Files\Git\cmd;C:\Program Files\PowerShell\7\;C:\Users\alina\AppData\Local\Microsoft\WindowsApps;C:\Users\alina\AppData\Roaming\npm;C:\Users\alina\AppData\Local\Programs\Microsoft VS Code\bin;C:\Program Files\Java\jdk-17.0.1\bin;C:\Users\alina\AppData\Local\GitHubDesktop\bin;C:\Program Files\Git\bin;C:\Program Files\Git\cmd;C:\Program Files\heroku\bin

Yarn version: 
  1.22.17

Node version: 
  16.14.0

Platform: 
  win32 x64

Trace: 
  Error: EPERM: operation not permitted, unlink 'G:\SCHOOL\INF-PROJECT MANAGEMENT\LIS\Livestock-Infomation-System\PROJECT\server\node_modules\bcrypt\lib\binding\napi-v3\bcrypt_lib.node'

npm manifest: 
  {
    "name": "server",
    "version": "1.0.0",
    "description": "",
    "main": "index.js",
    "scripts": {
      "start": "nodemon index.js"
    },
    "author": "",
    "license": "ISC",
    "dependencies": {
      "bcrypt": "^5.0.1",
      "body-parser": "^1.19.1",
      "cookie-parser": "^1.4.6",
      "cors": "^2.8.5",
      "dotenv": "^16.0.0",
      "express": "^4.17.1",
      "express-session": "^1.17.2",
      "jsonwebtoken": "^8.5.1",
      "moment": "^2.29.1",
      "morgan": "^1.10.0",
      "mysql": "^2.18.1",
      "mysql2": "^2.3.3",
      "node-cron": "^3.0.0",
      "nodemon": "^2.0.15",
      "sequelize": "^6.12.0-alpha.1",
      "sequelize-cli": "^6.3.0",
      "swagger-jsdoc": "^6.1.0",
      "swagger-ui-express": "^4.3.0",
      "textmagic-rest-client": "^1.0.11",
      "yamljs": "^0.3.0"
    },
    "engines": {
      "node": "16.14.0"
    }
  }

yarn manifest: 
  No manifest

Lockfile: 
  No lockfile
